<?xml version="1.0" encoding="UTF-8"?>
<testng-results ignored="0" total="5" passed="5" failed="0" skipped="0">
  <reporter-output>
  </reporter-output>
  <suite started-at="2024-04-12T09:31:30 EEST" name="Skillo Tests Suite" finished-at="2024-04-12T09:31:58 EEST" duration-ms="28017">
    <groups>
    </groups>
    <test started-at="2024-04-12T09:31:30 EEST" name="Skillo Tests" finished-at="2024-04-12T09:31:58 EEST" duration-ms="28017">
      <class name="ProjectTests">
        <test-method is-config="true" signature="setupTestSuite()[pri:0, instance:ProjectTests@5e0826e7]" started-at="2024-04-12T09:31:28 EEST" name="setupTestSuite" finished-at="2024-04-12T09:31:30 EEST" duration-ms="2154" status="PASS">
          <reporter-output>
          </reporter-output>
        </test-method> <!-- setupTestSuite -->
        <test-method is-config="true" signature="setUpTest()[pri:0, instance:ProjectTests@5e0826e7]" started-at="2024-04-12T09:31:30 EEST" name="setUpTest" finished-at="2024-04-12T09:31:31 EEST" duration-ms="1226" status="PASS">
          <reporter-output>
          </reporter-output>
        </test-method> <!-- setUpTest -->
        <test-method signature="deletePostPicture()[pri:0, instance:ProjectTests@5e0826e7]" started-at="2024-04-12T09:31:31 EEST" name="deletePostPicture" finished-at="2024-04-12T09:31:35 EEST" duration-ms="3771" status="PASS">
          <reporter-output>
          </reporter-output>
        </test-method> <!-- deletePostPicture -->
        <test-method is-config="true" signature="tearDownTest(org.testng.ITestResult)[pri:0, instance:ProjectTests@5e0826e7]" started-at="2024-04-12T09:31:35 EEST" name="tearDownTest" finished-at="2024-04-12T09:31:35 EEST" duration-ms="85" status="PASS">
          <params>
            <param index="0">
              <value>
                <![CDATA[[TestResult name=deletePostPicture status=SUCCESS method=ProjectTests.deletePostPicture()[pri:0, instance:ProjectTests@5e0826e7] output={null}]]]>
              </value>
            </param>
          </params>
          <reporter-output>
          </reporter-output>
        </test-method> <!-- tearDownTest -->
        <test-method is-config="true" signature="setUpTest()[pri:0, instance:ProjectTests@5e0826e7]" started-at="2024-04-12T09:31:35 EEST" name="setUpTest" finished-at="2024-04-12T09:31:36 EEST" duration-ms="924" status="PASS">
          <reporter-output>
          </reporter-output>
        </test-method> <!-- setUpTest -->
        <test-method signature="likePostTest()[pri:0, instance:ProjectTests@5e0826e7]" started-at="2024-04-12T09:31:36 EEST" name="likePostTest" finished-at="2024-04-12T09:31:42 EEST" duration-ms="5645" status="PASS">
          <reporter-output>
          </reporter-output>
        </test-method> <!-- likePostTest -->
        <test-method is-config="true" signature="tearDownTest(org.testng.ITestResult)[pri:0, instance:ProjectTests@5e0826e7]" started-at="2024-04-12T09:31:42 EEST" name="tearDownTest" finished-at="2024-04-12T09:31:42 EEST" duration-ms="87" status="PASS">
          <params>
            <param index="0">
              <value>
                <![CDATA[[TestResult name=likePostTest status=SUCCESS method=ProjectTests.likePostTest()[pri:0, instance:ProjectTests@5e0826e7] output={null}]]]>
              </value>
            </param>
          </params>
          <reporter-output>
          </reporter-output>
        </test-method> <!-- tearDownTest -->
        <test-method is-config="true" signature="setUpTest()[pri:0, instance:ProjectTests@5e0826e7]" started-at="2024-04-12T09:31:42 EEST" name="setUpTest" finished-at="2024-04-12T09:31:43 EEST" duration-ms="960" status="PASS">
          <reporter-output>
          </reporter-output>
        </test-method> <!-- setUpTest -->
        <test-method signature="loginAndOutTest()[pri:0, instance:ProjectTests@5e0826e7]" started-at="2024-04-12T09:31:43 EEST" name="loginAndOutTest" finished-at="2024-04-12T09:31:46 EEST" duration-ms="3357" status="PASS">
          <reporter-output>
          </reporter-output>
        </test-method> <!-- loginAndOutTest -->
        <test-method is-config="true" signature="tearDownTest(org.testng.ITestResult)[pri:0, instance:ProjectTests@5e0826e7]" started-at="2024-04-12T09:31:46 EEST" name="tearDownTest" finished-at="2024-04-12T09:31:46 EEST" duration-ms="70" status="PASS">
          <params>
            <param index="0">
              <value>
                <![CDATA[[TestResult name=loginAndOutTest status=SUCCESS method=ProjectTests.loginAndOutTest()[pri:0, instance:ProjectTests@5e0826e7] output={null}]]]>
              </value>
            </param>
          </params>
          <reporter-output>
          </reporter-output>
        </test-method> <!-- tearDownTest -->
        <test-method is-config="true" signature="setUpTest()[pri:0, instance:ProjectTests@5e0826e7]" started-at="2024-04-12T09:31:46 EEST" name="setUpTest" finished-at="2024-04-12T09:31:47 EEST" duration-ms="895" status="PASS">
          <reporter-output>
          </reporter-output>
        </test-method> <!-- setUpTest -->
        <test-method signature="registerUser()[pri:0, instance:ProjectTests@5e0826e7]" started-at="2024-04-12T09:31:47 EEST" name="registerUser" finished-at="2024-04-12T09:31:51 EEST" duration-ms="3608" status="PASS">
          <reporter-output>
          </reporter-output>
        </test-method> <!-- registerUser -->
        <test-method is-config="true" signature="tearDownTest(org.testng.ITestResult)[pri:0, instance:ProjectTests@5e0826e7]" started-at="2024-04-12T09:31:51 EEST" name="tearDownTest" finished-at="2024-04-12T09:31:51 EEST" duration-ms="90" status="PASS">
          <params>
            <param index="0">
              <value>
                <![CDATA[[TestResult name=registerUser status=SUCCESS method=ProjectTests.registerUser()[pri:0, instance:ProjectTests@5e0826e7] output={null}]]]>
              </value>
            </param>
          </params>
          <reporter-output>
          </reporter-output>
        </test-method> <!-- tearDownTest -->
        <test-method is-config="true" signature="setUpTest()[pri:0, instance:ProjectTests@5e0826e7]" started-at="2024-04-12T09:31:51 EEST" name="setUpTest" finished-at="2024-04-12T09:31:52 EEST" duration-ms="924" status="PASS">
          <reporter-output>
          </reporter-output>
        </test-method> <!-- setUpTest -->
        <test-method signature="testPostPicture()[pri:0, instance:ProjectTests@5e0826e7]" started-at="2024-04-12T09:31:52 EEST" name="testPostPicture" finished-at="2024-04-12T09:31:58 EEST" duration-ms="6267" status="PASS">
          <reporter-output>
          </reporter-output>
        </test-method> <!-- testPostPicture -->
        <test-method is-config="true" signature="tearDownTest(org.testng.ITestResult)[pri:0, instance:ProjectTests@5e0826e7]" started-at="2024-04-12T09:31:58 EEST" name="tearDownTest" finished-at="2024-04-12T09:31:58 EEST" duration-ms="89" status="PASS">
          <params>
            <param index="0">
              <value>
                <![CDATA[[TestResult name=testPostPicture status=SUCCESS method=ProjectTests.testPostPicture()[pri:0, instance:ProjectTests@5e0826e7] output={null}]]]>
              </value>
            </param>
          </params>
          <reporter-output>
          </reporter-output>
        </test-method> <!-- tearDownTest -->
        <test-method is-config="true" signature="finishingTestSuite()[pri:0, instance:ProjectTests@5e0826e7]" started-at="2024-04-12T09:31:58 EEST" name="finishingTestSuite" finished-at="2024-04-12T09:31:58 EEST" duration-ms="1" status="PASS">
          <reporter-output>
          </reporter-output>
        </test-method> <!-- finishingTestSuite -->
      </class> <!-- ProjectTests -->
    </test> <!-- Skillo Tests -->
  </suite> <!-- Skillo Tests Suite -->
</testng-results>
