<?xml version="1.0" encoding="UTF-8"?>
<testng-results ignored="0" total="5" passed="5" failed="0" skipped="0">
  <reporter-output>
  </reporter-output>
  <suite started-at="2024-04-10T18:07:59 EEST" name="Skillo Tests Suite" finished-at="2024-04-10T18:08:26 EEST" duration-ms="27658">
    <groups>
    </groups>
    <test started-at="2024-04-10T18:07:59 EEST" name="Skillo Tests" finished-at="2024-04-10T18:08:26 EEST" duration-ms="27658">
      <class name="ProjectTests">
        <test-method is-config="true" signature="setupTestSuite()[pri:0, instance:ProjectTests@1fa268de]" started-at="2024-04-10T18:07:59 EEST" name="setupTestSuite" finished-at="2024-04-10T18:07:59 EEST" duration-ms="244" status="PASS">
          <reporter-output>
          </reporter-output>
        </test-method> <!-- setupTestSuite -->
        <test-method is-config="true" signature="setUpTest()[pri:0, instance:ProjectTests@1fa268de]" started-at="2024-04-10T18:07:59 EEST" name="setUpTest" finished-at="2024-04-10T18:08:00 EEST" duration-ms="1171" status="PASS">
          <reporter-output>
          </reporter-output>
        </test-method> <!-- setUpTest -->
        <test-method signature="deletePostPicture(java.lang.String,java.lang.String)[pri:0, instance:ProjectTests@1fa268de]" started-at="2024-04-10T18:08:00 EEST" name="deletePostPicture" data-provider="getUser" finished-at="2024-04-10T18:08:04 EEST" duration-ms="3649" status="PASS">
          <params>
            <param index="0">
              <value>
                <![CDATA[Ivakis]]>
              </value>
            </param>
            <param index="1">
              <value>
                <![CDATA[Qwerty1]]>
              </value>
            </param>
          </params>
          <reporter-output>
          </reporter-output>
        </test-method> <!-- deletePostPicture -->
        <test-method is-config="true" signature="tearDownTest(org.testng.ITestResult)[pri:0, instance:ProjectTests@1fa268de]" started-at="2024-04-10T18:08:04 EEST" name="tearDownTest" finished-at="2024-04-10T18:08:04 EEST" duration-ms="139" status="PASS">
          <params>
            <param index="0">
              <value>
                <![CDATA[[TestResult name=deletePostPicture status=SUCCESS method=ProjectTests.deletePostPicture(java.lang.String,java.lang.String)[pri:0, instance:ProjectTests@1fa268de] output={null}]]]>
              </value>
            </param>
          </params>
          <reporter-output>
          </reporter-output>
        </test-method> <!-- tearDownTest -->
        <test-method is-config="true" signature="setUpTest()[pri:0, instance:ProjectTests@1fa268de]" started-at="2024-04-10T18:08:04 EEST" name="setUpTest" finished-at="2024-04-10T18:08:05 EEST" duration-ms="864" status="PASS">
          <reporter-output>
          </reporter-output>
        </test-method> <!-- setUpTest -->
        <test-method signature="likePostTest(java.lang.String,java.lang.String)[pri:0, instance:ProjectTests@1fa268de]" started-at="2024-04-10T18:08:05 EEST" name="likePostTest" data-provider="getUser" finished-at="2024-04-10T18:08:10 EEST" duration-ms="5008" status="PASS">
          <params>
            <param index="0">
              <value>
                <![CDATA[Ivakis]]>
              </value>
            </param>
            <param index="1">
              <value>
                <![CDATA[Qwerty1]]>
              </value>
            </param>
          </params>
          <reporter-output>
          </reporter-output>
        </test-method> <!-- likePostTest -->
        <test-method is-config="true" signature="tearDownTest(org.testng.ITestResult)[pri:0, instance:ProjectTests@1fa268de]" started-at="2024-04-10T18:08:10 EEST" name="tearDownTest" finished-at="2024-04-10T18:08:10 EEST" duration-ms="119" status="PASS">
          <params>
            <param index="0">
              <value>
                <![CDATA[[TestResult name=likePostTest status=SUCCESS method=ProjectTests.likePostTest(java.lang.String,java.lang.String)[pri:0, instance:ProjectTests@1fa268de] output={null}]]]>
              </value>
            </param>
          </params>
          <reporter-output>
          </reporter-output>
        </test-method> <!-- tearDownTest -->
        <test-method is-config="true" signature="setUpTest()[pri:0, instance:ProjectTests@1fa268de]" started-at="2024-04-10T18:08:10 EEST" name="setUpTest" finished-at="2024-04-10T18:08:11 EEST" duration-ms="930" status="PASS">
          <reporter-output>
          </reporter-output>
        </test-method> <!-- setUpTest -->
        <test-method signature="loginAndOutTest(java.lang.String,java.lang.String)[pri:0, instance:ProjectTests@1fa268de]" started-at="2024-04-10T18:08:11 EEST" name="loginAndOutTest" data-provider="getUser" finished-at="2024-04-10T18:08:14 EEST" duration-ms="3177" status="PASS">
          <params>
            <param index="0">
              <value>
                <![CDATA[Ivakis]]>
              </value>
            </param>
            <param index="1">
              <value>
                <![CDATA[Qwerty1]]>
              </value>
            </param>
          </params>
          <reporter-output>
          </reporter-output>
        </test-method> <!-- loginAndOutTest -->
        <test-method is-config="true" signature="tearDownTest(org.testng.ITestResult)[pri:0, instance:ProjectTests@1fa268de]" started-at="2024-04-10T18:08:14 EEST" name="tearDownTest" finished-at="2024-04-10T18:08:14 EEST" duration-ms="73" status="PASS">
          <params>
            <param index="0">
              <value>
                <![CDATA[[TestResult name=loginAndOutTest status=SUCCESS method=ProjectTests.loginAndOutTest(java.lang.String,java.lang.String)[pri:0, instance:ProjectTests@1fa268de] output={null}]]]>
              </value>
            </param>
          </params>
          <reporter-output>
          </reporter-output>
        </test-method> <!-- tearDownTest -->
        <test-method is-config="true" signature="setUpTest()[pri:0, instance:ProjectTests@1fa268de]" started-at="2024-04-10T18:08:14 EEST" name="setUpTest" finished-at="2024-04-10T18:08:15 EEST" duration-ms="865" status="PASS">
          <reporter-output>
          </reporter-output>
        </test-method> <!-- setUpTest -->
        <test-method signature="registerUser()[pri:0, instance:ProjectTests@1fa268de]" started-at="2024-04-10T18:08:15 EEST" name="registerUser" finished-at="2024-04-10T18:08:19 EEST" duration-ms="4367" status="PASS">
          <reporter-output>
          </reporter-output>
        </test-method> <!-- registerUser -->
        <test-method is-config="true" signature="tearDownTest(org.testng.ITestResult)[pri:0, instance:ProjectTests@1fa268de]" started-at="2024-04-10T18:08:19 EEST" name="tearDownTest" finished-at="2024-04-10T18:08:19 EEST" duration-ms="102" status="PASS">
          <params>
            <param index="0">
              <value>
                <![CDATA[[TestResult name=registerUser status=SUCCESS method=ProjectTests.registerUser()[pri:0, instance:ProjectTests@1fa268de] output={null}]]]>
              </value>
            </param>
          </params>
          <reporter-output>
          </reporter-output>
        </test-method> <!-- tearDownTest -->
        <test-method is-config="true" signature="setUpTest()[pri:0, instance:ProjectTests@1fa268de]" started-at="2024-04-10T18:08:19 EEST" name="setUpTest" finished-at="2024-04-10T18:08:20 EEST" duration-ms="954" status="PASS">
          <reporter-output>
          </reporter-output>
        </test-method> <!-- setUpTest -->
        <test-method signature="testPostPicture(java.lang.String,java.lang.String,java.io.File,java.lang.String)[pri:0, instance:ProjectTests@1fa268de]" started-at="2024-04-10T18:08:20 EEST" name="testPostPicture" data-provider="getUserData" finished-at="2024-04-10T18:08:26 EEST" duration-ms="6085" status="PASS">
          <params>
            <param index="0">
              <value>
                <![CDATA[Ivakis]]>
              </value>
            </param>
            <param index="1">
              <value>
                <![CDATA[Qwerty1]]>
              </value>
            </param>
            <param index="2">
              <value>
                <![CDATA[src\test\resources\upload\mona_cat.jpg]]>
              </value>
            </param>
            <param index="3">
              <value>
                <![CDATA[A picture of my cat]]>
              </value>
            </param>
          </params>
          <reporter-output>
          </reporter-output>
        </test-method> <!-- testPostPicture -->
        <test-method is-config="true" signature="tearDownTest(org.testng.ITestResult)[pri:0, instance:ProjectTests@1fa268de]" started-at="2024-04-10T18:08:26 EEST" name="tearDownTest" finished-at="2024-04-10T18:08:26 EEST" duration-ms="133" status="PASS">
          <params>
            <param index="0">
              <value>
                <![CDATA[[TestResult name=testPostPicture status=SUCCESS method=ProjectTests.testPostPicture(java.lang.String,java.lang.String,java.io.File,java.lang.String)[pri:0, instance:ProjectTests@1fa268de] output={null}]]]>
              </value>
            </param>
          </params>
          <reporter-output>
          </reporter-output>
        </test-method> <!-- tearDownTest -->
      </class> <!-- ProjectTests -->
    </test> <!-- Skillo Tests -->
  </suite> <!-- Skillo Tests Suite -->
</testng-results>
